INFO  22-08-19 11:41:50[restartedMain] [BridgeApiApplication:55] - Starting BridgeApiApplication using Java 1.8.0_261 on DESKTOP-NK1MHU2 with PID 448 (D:\PROEJCT_E\Pomeranian\pome-rpc\target\classes started by web3 in D:\PROEJCT_E\Pomeranian\pome-rpc)
INFO  22-08-19 11:41:50[restartedMain] [BridgeApiApplication:640] - The following 1 profile is active: "local"
INFO  22-08-19 11:41:50[restartedMain] [ChangeableUrls:255] - The Class-Path manifest attribute in C:\Users\web3\.m2\repository\commons-logging\commons-logging\1.0.3\commons-logging-1.0.3.jar referenced one or more files that do not exist: file:/C:/Users/web3/.m2/repository/commons-logging/commons-logging/1.0.3/log4j.jar,file:/C:/Users/web3/.m2/repository/commons-logging/commons-logging/1.0.3/log4j-core.jar
INFO  22-08-19 11:41:50[restartedMain] [DevToolsPropertyDefaultsPostProcessor:255] - Devtools property defaults active! Set 'spring.devtools.add-properties' to 'false' to disable
INFO  22-08-19 11:41:50[restartedMain] [DevToolsPropertyDefaultsPostProcessor:255] - For additional web related logging consider setting the 'logging.level.web' property to 'DEBUG'
DEBUG 22-08-19 11:41:51[restartedMain] [LogFactory:105] - Logging initialized using 'class org.apache.ibatis.logging.slf4j.Slf4jImpl' adapter.
INFO  22-08-19 11:41:51[restartedMain] [TomcatWebServer:108] - Tomcat initialized with port(s): 8085 (http)
INFO  22-08-19 11:41:51[restartedMain] [Http11NioProtocol:173] - Initializing ProtocolHandler ["http-nio-8085"]
INFO  22-08-19 11:41:51[restartedMain] [StandardService:173] - Starting service [Tomcat]
INFO  22-08-19 11:41:51[restartedMain] [StandardEngine:173] - Starting Servlet engine: [Apache Tomcat/9.0.63]
INFO  22-08-19 11:41:51[restartedMain] [TldScanner:173] - At least one JAR was scanned for TLDs yet contained no TLDs. Enable debug logging for this logger for a complete list of JARs that were scanned but no TLDs were found in them. Skipping unneeded JARs during scanning can improve startup time and JSP compilation time.
INFO  22-08-19 11:41:51[restartedMain] [[/]:173] - Initializing Spring embedded WebApplicationContext
INFO  22-08-19 11:41:51[restartedMain] [ServletWebServerApplicationContext:292] - Root WebApplicationContext: initialization completed in 1263 ms
INFO  22-08-19 11:41:51[restartedMain] [HikariDataSource:80] - TemplateHikariPool - Starting...
DEBUG 22-08-19 11:41:51[restartedMain] [sqltiming:368] -  com.zaxxer.hikari.pool.PoolBase.executeSql(PoolBase.java:583)
1. SELECT 1
 {executed in 8 msec}
INFO  22-08-19 11:41:51[restartedMain] [HikariDataSource:82] - TemplateHikariPool - Start completed.
WARN  22-08-19 11:41:52[restartedMain] [AnnotationConfigServletWebServerApplicationContext:591] - Exception encountered during context initialization - cancelling refresh attempt: org.springframework.beans.factory.UnsatisfiedDependencyException: Error creating bean with name 'bridgeController': Unsatisfied dependency expressed through field 'bridgeService'; nested exception is org.springframework.beans.factory.UnsatisfiedDependencyException: Error creating bean with name 'BridgeService': Unsatisfied dependency expressed through field 'bridgeMapper'; nested exception is org.springframework.beans.factory.UnsatisfiedDependencyException: Error creating bean with name 'bridgeMapper' defined in file [D:\PROEJCT_E\Pomeranian\pome-rpc\target\classes\com\pomeranian\bridge\mapper\BridgeMapper.class]: Unsatisfied dependency expressed through bean property 'sqlSessionFactory'; nested exception is org.springframework.beans.factory.BeanCreationException: Error creating bean with name 'sqlSessionFactory' defined in class path resource [com/pomeranian/config/DatabaseConfig.class]: Bean instantiation via factory method failed; nested exception is org.springframework.beans.BeanInstantiationException: Failed to instantiate [org.apache.ibatis.session.SqlSessionFactory]: Factory method 'sqlSessionFactory' threw exception; nested exception is org.springframework.core.NestedIOException: Failed to parse mapping resource: 'file [D:\PROEJCT_E\Pomeranian\pome-rpc\target\classes\mapper\BridgeMapper.xml]'; nested exception is org.apache.ibatis.builder.BuilderException: Error parsing Mapper XML. The XML location is 'file [D:\PROEJCT_E\Pomeranian\pome-rpc\target\classes\mapper\BridgeMapper.xml]'. Cause: org.apache.ibatis.builder.BuilderException: Error resolving class. Cause: org.apache.ibatis.type.TypeException: Could not resolve type alias 'TokenDTO'.  Cause: java.lang.ClassNotFoundException: Cannot find class: TokenDTO
INFO  22-08-19 11:41:52[restartedMain] [HikariDataSource:350] - TemplateHikariPool - Shutdown initiated...
INFO  22-08-19 11:41:52[restartedMain] [HikariDataSource:352] - TemplateHikariPool - Shutdown completed.
INFO  22-08-19 11:41:52[restartedMain] [StandardService:173] - Stopping service [Tomcat]
INFO  22-08-19 11:41:52[restartedMain] [ConditionEvaluationReportLoggingListener:136] - 

Error starting ApplicationContext. To display the conditions report re-run your application with 'debug' enabled.
ERROR 22-08-19 11:41:52[restartedMain] [SpringApplication:824] - Application run failed
org.springframework.beans.factory.UnsatisfiedDependencyException: Error creating bean with name 'bridgeController': Unsatisfied dependency expressed through field 'bridgeService'; nested exception is org.springframework.beans.factory.UnsatisfiedDependencyException: Error creating bean with name 'BridgeService': Unsatisfied dependency expressed through field 'bridgeMapper'; nested exception is org.springframework.beans.factory.UnsatisfiedDependencyException: Error creating bean with name 'bridgeMapper' defined in file [D:\PROEJCT_E\Pomeranian\pome-rpc\target\classes\com\pomeranian\bridge\mapper\BridgeMapper.class]: Unsatisfied dependency expressed through bean property 'sqlSessionFactory'; nested exception is org.springframework.beans.factory.BeanCreationException: Error creating bean with name 'sqlSessionFactory' defined in class path resource [com/pomeranian/config/DatabaseConfig.class]: Bean instantiation via factory method failed; nested exception is org.springframework.beans.BeanInstantiationException: Failed to instantiate [org.apache.ibatis.session.SqlSessionFactory]: Factory method 'sqlSessionFactory' threw exception; nested exception is org.springframework.core.NestedIOException: Failed to parse mapping resource: 'file [D:\PROEJCT_E\Pomeranian\pome-rpc\target\classes\mapper\BridgeMapper.xml]'; nested exception is org.apache.ibatis.builder.BuilderException: Error parsing Mapper XML. The XML location is 'file [D:\PROEJCT_E\Pomeranian\pome-rpc\target\classes\mapper\BridgeMapper.xml]'. Cause: org.apache.ibatis.builder.BuilderException: Error resolving class. Cause: org.apache.ibatis.type.TypeException: Could not resolve type alias 'TokenDTO'.  Cause: java.lang.ClassNotFoundException: Cannot find class: TokenDTO
	at org.springframework.beans.factory.annotation.AutowiredAnnotationBeanPostProcessor$AutowiredFieldElement.resolveFieldValue(AutowiredAnnotationBeanPostProcessor.java:659)
	at org.springframework.beans.factory.annotation.AutowiredAnnotationBeanPostProcessor$AutowiredFieldElement.inject(AutowiredAnnotationBeanPostProcessor.java:639)
	at org.springframework.beans.factory.annotation.InjectionMetadata.inject(InjectionMetadata.java:119)
	at org.springframework.beans.factory.annotation.AutowiredAnnotationBeanPostProcessor.postProcessProperties(AutowiredAnnotationBeanPostProcessor.java:399)
	at org.springframework.beans.factory.support.AbstractAutowireCapableBeanFactory.populateBean(AbstractAutowireCapableBeanFactory.java:1431)
	at org.springframework.beans.factory.support.AbstractAutowireCapableBeanFactory.doCreateBean(AbstractAutowireCapableBeanFactory.java:619)
	at org.springframework.beans.factory.support.AbstractAutowireCapableBeanFactory.createBean(AbstractAutowireCapableBeanFactory.java:542)
	at org.springframework.beans.factory.support.AbstractBeanFactory.lambda$doGetBean$0(AbstractBeanFactory.java:335)
	at org.springframework.beans.factory.support.DefaultSingletonBeanRegistry.getSingleton(DefaultSingletonBeanRegistry.java:234)
	at org.springframework.beans.factory.support.AbstractBeanFactory.doGetBean(AbstractBeanFactory.java:333)
	at org.springframework.beans.factory.support.AbstractBeanFactory.getBean(AbstractBeanFactory.java:208)
	at org.springframework.beans.factory.support.DefaultListableBeanFactory.preInstantiateSingletons(DefaultListableBeanFactory.java:953)
	at org.springframework.context.support.AbstractApplicationContext.finishBeanFactoryInitialization(AbstractApplicationContext.java:918)
	at org.springframework.context.support.AbstractApplicationContext.refresh(AbstractApplicationContext.java:583)
	at org.springframework.boot.web.servlet.context.ServletWebServerApplicationContext.refresh(ServletWebServerApplicationContext.java:147)
	at org.springframework.boot.SpringApplication.refresh(SpringApplication.java:734)
	at org.springframework.boot.SpringApplication.refreshContext(SpringApplication.java:408)
	at org.springframework.boot.SpringApplication.run(SpringApplication.java:308)
	at org.springframework.boot.SpringApplication.run(SpringApplication.java:1306)
	at org.springframework.boot.SpringApplication.run(SpringApplication.java:1295)
	at com.pomeranian.BridgeApiApplication.main(BridgeApiApplication.java:14)
	at sun.reflect.NativeMethodAccessorImpl.invoke0(Native Method)
	at sun.reflect.NativeMethodAccessorImpl.invoke(NativeMethodAccessorImpl.java:62)
	at sun.reflect.DelegatingMethodAccessorImpl.invoke(DelegatingMethodAccessorImpl.java:43)
	at java.lang.reflect.Method.invoke(Method.java:498)
	at org.springframework.boot.devtools.restart.RestartLauncher.run(RestartLauncher.java:49)
Caused by: org.springframework.beans.factory.UnsatisfiedDependencyException: Error creating bean with name 'BridgeService': Unsatisfied dependency expressed through field 'bridgeMapper'; nested exception is org.springframework.beans.factory.UnsatisfiedDependencyException: Error creating bean with name 'bridgeMapper' defined in file [D:\PROEJCT_E\Pomeranian\pome-rpc\target\classes\com\pomeranian\bridge\mapper\BridgeMapper.class]: Unsatisfied dependency expressed through bean property 'sqlSessionFactory'; nested exception is org.springframework.beans.factory.BeanCreationException: Error creating bean with name 'sqlSessionFactory' defined in class path resource [com/pomeranian/config/DatabaseConfig.class]: Bean instantiation via factory method failed; nested exception is org.springframework.beans.BeanInstantiationException: Failed to instantiate [org.apache.ibatis.session.SqlSessionFactory]: Factory method 'sqlSessionFactory' threw exception; nested exception is org.springframework.core.NestedIOException: Failed to parse mapping resource: 'file [D:\PROEJCT_E\Pomeranian\pome-rpc\target\classes\mapper\BridgeMapper.xml]'; nested exception is org.apache.ibatis.builder.BuilderException: Error parsing Mapper XML. The XML location is 'file [D:\PROEJCT_E\Pomeranian\pome-rpc\target\classes\mapper\BridgeMapper.xml]'. Cause: org.apache.ibatis.builder.BuilderException: Error resolving class. Cause: org.apache.ibatis.type.TypeException: Could not resolve type alias 'TokenDTO'.  Cause: java.lang.ClassNotFoundException: Cannot find class: TokenDTO
	at org.springframework.beans.factory.annotation.AutowiredAnnotationBeanPostProcessor$AutowiredFieldElement.resolveFieldValue(AutowiredAnnotationBeanPostProcessor.java:659)
	at org.springframework.beans.factory.annotation.AutowiredAnnotationBeanPostProcessor$AutowiredFieldElement.inject(AutowiredAnnotationBeanPostProcessor.java:639)
	at org.springframework.beans.factory.annotation.InjectionMetadata.inject(InjectionMetadata.java:119)
	at org.springframework.beans.factory.annotation.AutowiredAnnotationBeanPostProcessor.postProcessProperties(AutowiredAnnotationBeanPostProcessor.java:399)
	at org.springframework.beans.factory.support.AbstractAutowireCapableBeanFactory.populateBean(AbstractAutowireCapableBeanFactory.java:1431)
	at org.springframework.beans.factory.support.AbstractAutowireCapableBeanFactory.doCreateBean(AbstractAutowireCapableBeanFactory.java:619)
	at org.springframework.beans.factory.support.AbstractAutowireCapableBeanFactory.createBean(AbstractAutowireCapableBeanFactory.java:542)
	at org.springframework.beans.factory.support.AbstractBeanFactory.lambda$doGetBean$0(AbstractBeanFactory.java:335)
	at org.springframework.beans.factory.support.DefaultSingletonBeanRegistry.getSingleton(DefaultSingletonBeanRegistry.java:234)
	at org.springframework.beans.factory.support.AbstractBeanFactory.doGetBean(AbstractBeanFactory.java:333)
	at org.springframework.beans.factory.support.AbstractBeanFactory.getBean(AbstractBeanFactory.java:208)
	at org.springframework.beans.factory.config.DependencyDescriptor.resolveCandidate(DependencyDescriptor.java:276)
	at org.springframework.beans.factory.support.DefaultListableBeanFactory.doResolveDependency(DefaultListableBeanFactory.java:1389)
	at org.springframework.beans.factory.support.DefaultListableBeanFactory.resolveDependency(DefaultListableBeanFactory.java:1309)
	at org.springframework.beans.factory.annotation.AutowiredAnnotationBeanPostProcessor$AutowiredFieldElement.resolveFieldValue(AutowiredAnnotationBeanPostProcessor.java:656)
	... 25 common frames omitted
Caused by: org.springframework.beans.factory.UnsatisfiedDependencyException: Error creating bean with name 'bridgeMapper' defined in file [D:\PROEJCT_E\Pomeranian\pome-rpc\target\classes\com\pomeranian\bridge\mapper\BridgeMapper.class]: Unsatisfied dependency expressed through bean property 'sqlSessionFactory'; nested exception is org.springframework.beans.factory.BeanCreationException: Error creating bean with name 'sqlSessionFactory' defined in class path resource [com/pomeranian/config/DatabaseConfig.class]: Bean instantiation via factory method failed; nested exception is org.springframework.beans.BeanInstantiationException: Failed to instantiate [org.apache.ibatis.session.SqlSessionFactory]: Factory method 'sqlSessionFactory' threw exception; nested exception is org.springframework.core.NestedIOException: Failed to parse mapping resource: 'file [D:\PROEJCT_E\Pomeranian\pome-rpc\target\classes\mapper\BridgeMapper.xml]'; nested exception is org.apache.ibatis.builder.BuilderException: Error parsing Mapper XML. The XML location is 'file [D:\PROEJCT_E\Pomeranian\pome-rpc\target\classes\mapper\BridgeMapper.xml]'. Cause: org.apache.ibatis.builder.BuilderException: Error resolving class. Cause: org.apache.ibatis.type.TypeException: Could not resolve type alias 'TokenDTO'.  Cause: java.lang.ClassNotFoundException: Cannot find class: TokenDTO
	at org.springframework.beans.factory.support.AbstractAutowireCapableBeanFactory.autowireByType(AbstractAutowireCapableBeanFactory.java:1534)
	at org.springframework.beans.factory.support.AbstractAutowireCapableBeanFactory.populateBean(AbstractAutowireCapableBeanFactory.java:1417)
	at org.springframework.beans.factory.support.AbstractAutowireCapableBeanFactory.doCreateBean(AbstractAutowireCapableBeanFactory.java:619)
	at org.springframework.beans.factory.support.AbstractAutowireCapableBeanFactory.createBean(AbstractAutowireCapableBeanFactory.java:542)
	at org.springframework.beans.factory.support.AbstractBeanFactory.lambda$doGetBean$0(AbstractBeanFactory.java:335)
	at org.springframework.beans.factory.support.DefaultSingletonBeanRegistry.getSingleton(DefaultSingletonBeanRegistry.java:234)
	at org.springframework.beans.factory.support.AbstractBeanFactory.doGetBean(AbstractBeanFactory.java:333)
	at org.springframework.beans.factory.support.AbstractBeanFactory.getBean(AbstractBeanFactory.java:208)
	at org.springframework.beans.factory.config.DependencyDescriptor.resolveCandidate(DependencyDescriptor.java:276)
	at org.springframework.beans.factory.support.DefaultListableBeanFactory.doResolveDependency(DefaultListableBeanFactory.java:1389)
	at org.springframework.beans.factory.support.DefaultListableBeanFactory.resolveDependency(DefaultListableBeanFactory.java:1309)
	at org.springframework.beans.factory.annotation.AutowiredAnnotationBeanPostProcessor$AutowiredFieldElement.resolveFieldValue(AutowiredAnnotationBeanPostProcessor.java:656)
	... 39 common frames omitted
Caused by: org.springframework.beans.factory.BeanCreationException: Error creating bean with name 'sqlSessionFactory' defined in class path resource [com/pomeranian/config/DatabaseConfig.class]: Bean instantiation via factory method failed; nested exception is org.springframework.beans.BeanInstantiationException: Failed to instantiate [org.apache.ibatis.session.SqlSessionFactory]: Factory method 'sqlSessionFactory' threw exception; nested exception is org.springframework.core.NestedIOException: Failed to parse mapping resource: 'file [D:\PROEJCT_E\Pomeranian\pome-rpc\target\classes\mapper\BridgeMapper.xml]'; nested exception is org.apache.ibatis.builder.BuilderException: Error parsing Mapper XML. The XML location is 'file [D:\PROEJCT_E\Pomeranian\pome-rpc\target\classes\mapper\BridgeMapper.xml]'. Cause: org.apache.ibatis.builder.BuilderException: Error resolving class. Cause: org.apache.ibatis.type.TypeException: Could not resolve type alias 'TokenDTO'.  Cause: java.lang.ClassNotFoundException: Cannot find class: TokenDTO
	at org.springframework.beans.factory.support.ConstructorResolver.instantiate(ConstructorResolver.java:658)
	at org.springframework.beans.factory.support.ConstructorResolver.instantiateUsingFactoryMethod(ConstructorResolver.java:638)
	at org.springframework.beans.factory.support.AbstractAutowireCapableBeanFactory.instantiateUsingFactoryMethod(AbstractAutowireCapableBeanFactory.java:1352)
	at org.springframework.beans.factory.support.AbstractAutowireCapableBeanFactory.createBeanInstance(AbstractAutowireCapableBeanFactory.java:1195)
	at org.springframework.beans.factory.support.AbstractAutowireCapableBeanFactory.doCreateBean(AbstractAutowireCapableBeanFactory.java:582)
	at org.springframework.beans.factory.support.AbstractAutowireCapableBeanFactory.createBean(AbstractAutowireCapableBeanFactory.java:542)
	at org.springframework.beans.factory.support.AbstractBeanFactory.lambda$doGetBean$0(AbstractBeanFactory.java:335)
	at org.springframework.beans.factory.support.DefaultSingletonBeanRegistry.getSingleton(DefaultSingletonBeanRegistry.java:234)
	at org.springframework.beans.factory.support.AbstractBeanFactory.doGetBean(AbstractBeanFactory.java:333)
	at org.springframework.beans.factory.support.AbstractBeanFactory.getBean(AbstractBeanFactory.java:208)
	at org.springframework.beans.factory.config.DependencyDescriptor.resolveCandidate(DependencyDescriptor.java:276)
	at org.springframework.beans.factory.support.DefaultListableBeanFactory.doResolveDependency(DefaultListableBeanFactory.java:1389)
	at org.springframework.beans.factory.support.DefaultListableBeanFactory.resolveDependency(DefaultListableBeanFactory.java:1309)
	at org.springframework.beans.factory.support.AbstractAutowireCapableBeanFactory.autowireByType(AbstractAutowireCapableBeanFactory.java:1519)
	... 50 common frames omitted
Caused by: org.springframework.beans.BeanInstantiationException: Failed to instantiate [org.apache.ibatis.session.SqlSessionFactory]: Factory method 'sqlSessionFactory' threw exception; nested exception is org.springframework.core.NestedIOException: Failed to parse mapping resource: 'file [D:\PROEJCT_E\Pomeranian\pome-rpc\target\classes\mapper\BridgeMapper.xml]'; nested exception is org.apache.ibatis.builder.BuilderException: Error parsing Mapper XML. The XML location is 'file [D:\PROEJCT_E\Pomeranian\pome-rpc\target\classes\mapper\BridgeMapper.xml]'. Cause: org.apache.ibatis.builder.BuilderException: Error resolving class. Cause: org.apache.ibatis.type.TypeException: Could not resolve type alias 'TokenDTO'.  Cause: java.lang.ClassNotFoundException: Cannot find class: TokenDTO
	at org.springframework.beans.factory.support.SimpleInstantiationStrategy.instantiate(SimpleInstantiationStrategy.java:185)
	at org.springframework.beans.factory.support.ConstructorResolver.instantiate(ConstructorResolver.java:653)
	... 63 common frames omitted
Caused by: org.springframework.core.NestedIOException: Failed to parse mapping resource: 'file [D:\PROEJCT_E\Pomeranian\pome-rpc\target\classes\mapper\BridgeMapper.xml]'; nested exception is org.apache.ibatis.builder.BuilderException: Error parsing Mapper XML. The XML location is 'file [D:\PROEJCT_E\Pomeranian\pome-rpc\target\classes\mapper\BridgeMapper.xml]'. Cause: org.apache.ibatis.builder.BuilderException: Error resolving class. Cause: org.apache.ibatis.type.TypeException: Could not resolve type alias 'TokenDTO'.  Cause: java.lang.ClassNotFoundException: Cannot find class: TokenDTO
	at org.mybatis.spring.SqlSessionFactoryBean.buildSqlSessionFactory(SqlSessionFactoryBean.java:595)
	at org.mybatis.spring.SqlSessionFactoryBean.afterPropertiesSet(SqlSessionFactoryBean.java:475)
	at org.mybatis.spring.SqlSessionFactoryBean.getObject(SqlSessionFactoryBean.java:615)
	at com.pomeranian.config.DatabaseConfig.sqlSessionFactory(DatabaseConfig.java:46)
	at com.pomeranian.config.DatabaseConfig$$EnhancerBySpringCGLIB$$19f89310.CGLIB$sqlSessionFactory$0(<generated>)
	at com.pomeranian.config.DatabaseConfig$$EnhancerBySpringCGLIB$$19f89310$$FastClassBySpringCGLIB$$c7f1ff36.invoke(<generated>)
	at org.springframework.cglib.proxy.MethodProxy.invokeSuper(MethodProxy.java:244)
	at org.springframework.context.annotation.ConfigurationClassEnhancer$BeanMethodInterceptor.intercept(ConfigurationClassEnhancer.java:331)
	at com.pomeranian.config.DatabaseConfig$$EnhancerBySpringCGLIB$$19f89310.sqlSessionFactory(<generated>)
	at sun.reflect.NativeMethodAccessorImpl.invoke0(Native Method)
	at sun.reflect.NativeMethodAccessorImpl.invoke(NativeMethodAccessorImpl.java:62)
	at sun.reflect.DelegatingMethodAccessorImpl.invoke(DelegatingMethodAccessorImpl.java:43)
	at java.lang.reflect.Method.invoke(Method.java:498)
	at org.springframework.beans.factory.support.SimpleInstantiationStrategy.instantiate(SimpleInstantiationStrategy.java:154)
	... 64 common frames omitted
Caused by: org.apache.ibatis.builder.BuilderException: Error parsing Mapper XML. The XML location is 'file [D:\PROEJCT_E\Pomeranian\pome-rpc\target\classes\mapper\BridgeMapper.xml]'. Cause: org.apache.ibatis.builder.BuilderException: Error resolving class. Cause: org.apache.ibatis.type.TypeException: Could not resolve type alias 'TokenDTO'.  Cause: java.lang.ClassNotFoundException: Cannot find class: TokenDTO
	at org.apache.ibatis.builder.xml.XMLMapperBuilder.configurationElement(XMLMapperBuilder.java:122)
	at org.apache.ibatis.builder.xml.XMLMapperBuilder.parse(XMLMapperBuilder.java:94)
	at org.mybatis.spring.SqlSessionFactoryBean.buildSqlSessionFactory(SqlSessionFactoryBean.java:593)
	... 77 common frames omitted
Caused by: org.apache.ibatis.builder.BuilderException: Error resolving class. Cause: org.apache.ibatis.type.TypeException: Could not resolve type alias 'TokenDTO'.  Cause: java.lang.ClassNotFoundException: Cannot find class: TokenDTO
	at org.apache.ibatis.builder.BaseBuilder.resolveClass(BaseBuilder.java:118)
	at org.apache.ibatis.builder.xml.XMLStatementBuilder.parseStatementNode(XMLStatementBuilder.java:102)
	at org.apache.ibatis.builder.xml.XMLMapperBuilder.buildStatementFromContext(XMLMapperBuilder.java:137)
	at org.apache.ibatis.builder.xml.XMLMapperBuilder.buildStatementFromContext(XMLMapperBuilder.java:130)
	at org.apache.ibatis.builder.xml.XMLMapperBuilder.configurationElement(XMLMapperBuilder.java:120)
	... 79 common frames omitted
Caused by: org.apache.ibatis.type.TypeException: Could not resolve type alias 'TokenDTO'.  Cause: java.lang.ClassNotFoundException: Cannot find class: TokenDTO
	at org.apache.ibatis.type.TypeAliasRegistry.resolveAlias(TypeAliasRegistry.java:120)
	at org.apache.ibatis.builder.BaseBuilder.resolveAlias(BaseBuilder.java:149)
	at org.apache.ibatis.builder.BaseBuilder.resolveClass(BaseBuilder.java:116)
	... 83 common frames omitted
Caused by: java.lang.ClassNotFoundException: Cannot find class: TokenDTO
	at org.apache.ibatis.io.ClassLoaderWrapper.classForName(ClassLoaderWrapper.java:200)
	at org.apache.ibatis.io.ClassLoaderWrapper.classForName(ClassLoaderWrapper.java:89)
	at org.apache.ibatis.io.Resources.classForName(Resources.java:261)
	at org.apache.ibatis.type.TypeAliasRegistry.resolveAlias(TypeAliasRegistry.java:116)
	... 85 common frames omitted
INFO  22-08-19 11:44:26[restartedMain] [BridgeApiApplication:55] - Starting BridgeApiApplication using Java 1.8.0_261 on DESKTOP-NK1MHU2 with PID 22748 (D:\PROEJCT_E\Pomeranian\pome-rpc\target\classes started by web3 in D:\PROEJCT_E\Pomeranian\pome-rpc)
INFO  22-08-19 11:44:26[restartedMain] [BridgeApiApplication:640] - The following 1 profile is active: "local"
INFO  22-08-19 11:44:26[restartedMain] [ChangeableUrls:255] - The Class-Path manifest attribute in C:\Users\web3\.m2\repository\commons-logging\commons-logging\1.0.3\commons-logging-1.0.3.jar referenced one or more files that do not exist: file:/C:/Users/web3/.m2/repository/commons-logging/commons-logging/1.0.3/log4j.jar,file:/C:/Users/web3/.m2/repository/commons-logging/commons-logging/1.0.3/log4j-core.jar
INFO  22-08-19 11:44:26[restartedMain] [DevToolsPropertyDefaultsPostProcessor:255] - Devtools property defaults active! Set 'spring.devtools.add-properties' to 'false' to disable
INFO  22-08-19 11:44:26[restartedMain] [DevToolsPropertyDefaultsPostProcessor:255] - For additional web related logging consider setting the 'logging.level.web' property to 'DEBUG'
DEBUG 22-08-19 11:44:27[restartedMain] [LogFactory:105] - Logging initialized using 'class org.apache.ibatis.logging.slf4j.Slf4jImpl' adapter.
INFO  22-08-19 11:44:27[restartedMain] [TomcatWebServer:108] - Tomcat initialized with port(s): 8085 (http)
INFO  22-08-19 11:44:27[restartedMain] [Http11NioProtocol:173] - Initializing ProtocolHandler ["http-nio-8085"]
INFO  22-08-19 11:44:27[restartedMain] [StandardService:173] - Starting service [Tomcat]
INFO  22-08-19 11:44:27[restartedMain] [StandardEngine:173] - Starting Servlet engine: [Apache Tomcat/9.0.63]
INFO  22-08-19 11:44:28[restartedMain] [TldScanner:173] - At least one JAR was scanned for TLDs yet contained no TLDs. Enable debug logging for this logger for a complete list of JARs that were scanned but no TLDs were found in them. Skipping unneeded JARs during scanning can improve startup time and JSP compilation time.
INFO  22-08-19 11:44:28[restartedMain] [[/]:173] - Initializing Spring embedded WebApplicationContext
INFO  22-08-19 11:44:28[restartedMain] [ServletWebServerApplicationContext:292] - Root WebApplicationContext: initialization completed in 1238 ms
INFO  22-08-19 11:44:28[restartedMain] [HikariDataSource:80] - TemplateHikariPool - Starting...
DEBUG 22-08-19 11:44:28[restartedMain] [sqltiming:368] -  com.zaxxer.hikari.pool.PoolBase.executeSql(PoolBase.java:583)
1. SELECT 1
 {executed in 5 msec}
INFO  22-08-19 11:44:28[restartedMain] [HikariDataSource:82] - TemplateHikariPool - Start completed.
INFO  22-08-19 11:44:28[restartedMain] [WelcomePageHandlerMapping:57] - Adding welcome page template: index
WARN  22-08-19 11:44:28[restartedMain] [OptionalLiveReloadServer:61] - Unable to start LiveReload server
INFO  22-08-19 11:44:28[restartedMain] [Http11NioProtocol:173] - Starting ProtocolHandler ["http-nio-8085"]
WARN  22-08-19 11:44:28[restartedMain] [AnnotationConfigServletWebServerApplicationContext:591] - Exception encountered during context initialization - cancelling refresh attempt: org.springframework.context.ApplicationContextException: Failed to start bean 'webServerStartStop'; nested exception is org.springframework.boot.web.server.PortInUseException: Port 8085 is already in use
INFO  22-08-19 11:44:28[restartedMain] [HikariDataSource:350] - TemplateHikariPool - Shutdown initiated...
INFO  22-08-19 11:44:28[restartedMain] [HikariDataSource:352] - TemplateHikariPool - Shutdown completed.
INFO  22-08-19 11:44:28[restartedMain] [Http11NioProtocol:173] - Pausing ProtocolHandler ["http-nio-8085"]
INFO  22-08-19 11:44:28[restartedMain] [StandardService:173] - Stopping service [Tomcat]
INFO  22-08-19 11:44:28[restartedMain] [Http11NioProtocol:173] - Stopping ProtocolHandler ["http-nio-8085"]
INFO  22-08-19 11:44:28[restartedMain] [Http11NioProtocol:173] - Destroying ProtocolHandler ["http-nio-8085"]
INFO  22-08-19 11:44:28[restartedMain] [ConditionEvaluationReportLoggingListener:136] - 

Error starting ApplicationContext. To display the conditions report re-run your application with 'debug' enabled.
ERROR 22-08-19 11:44:28[restartedMain] [LoggingFailureAnalysisReporter:40] - 

***************************
APPLICATION FAILED TO START
***************************

Description:

Web server failed to start. Port 8085 was already in use.

Action:

Identify and stop the process that's listening on port 8085 or configure this application to listen on another port.

INFO  22-08-19 11:44:42[restartedMain] [BridgeApiApplication:55] - Starting BridgeApiApplication using Java 1.8.0_261 on DESKTOP-NK1MHU2 with PID 26456 (D:\PROEJCT_E\Pomeranian\pome-rpc\target\classes started by web3 in D:\PROEJCT_E\Pomeranian\pome-rpc)
INFO  22-08-19 11:44:42[restartedMain] [BridgeApiApplication:640] - The following 1 profile is active: "local"
INFO  22-08-19 11:44:42[restartedMain] [ChangeableUrls:255] - The Class-Path manifest attribute in C:\Users\web3\.m2\repository\commons-logging\commons-logging\1.0.3\commons-logging-1.0.3.jar referenced one or more files that do not exist: file:/C:/Users/web3/.m2/repository/commons-logging/commons-logging/1.0.3/log4j.jar,file:/C:/Users/web3/.m2/repository/commons-logging/commons-logging/1.0.3/log4j-core.jar
INFO  22-08-19 11:44:42[restartedMain] [DevToolsPropertyDefaultsPostProcessor:255] - Devtools property defaults active! Set 'spring.devtools.add-properties' to 'false' to disable
INFO  22-08-19 11:44:42[restartedMain] [DevToolsPropertyDefaultsPostProcessor:255] - For additional web related logging consider setting the 'logging.level.web' property to 'DEBUG'
DEBUG 22-08-19 11:44:43[restartedMain] [LogFactory:105] - Logging initialized using 'class org.apache.ibatis.logging.slf4j.Slf4jImpl' adapter.
INFO  22-08-19 11:44:43[restartedMain] [TomcatWebServer:108] - Tomcat initialized with port(s): 8085 (http)
INFO  22-08-19 11:44:43[restartedMain] [Http11NioProtocol:173] - Initializing ProtocolHandler ["http-nio-8085"]
INFO  22-08-19 11:44:43[restartedMain] [StandardService:173] - Starting service [Tomcat]
INFO  22-08-19 11:44:43[restartedMain] [StandardEngine:173] - Starting Servlet engine: [Apache Tomcat/9.0.63]
INFO  22-08-19 11:44:43[restartedMain] [TldScanner:173] - At least one JAR was scanned for TLDs yet contained no TLDs. Enable debug logging for this logger for a complete list of JARs that were scanned but no TLDs were found in them. Skipping unneeded JARs during scanning can improve startup time and JSP compilation time.
INFO  22-08-19 11:44:43[restartedMain] [[/]:173] - Initializing Spring embedded WebApplicationContext
INFO  22-08-19 11:44:43[restartedMain] [ServletWebServerApplicationContext:292] - Root WebApplicationContext: initialization completed in 1249 ms
INFO  22-08-19 11:44:43[restartedMain] [HikariDataSource:80] - TemplateHikariPool - Starting...
DEBUG 22-08-19 11:44:44[restartedMain] [sqltiming:368] -  com.zaxxer.hikari.pool.PoolBase.executeSql(PoolBase.java:583)
1. SELECT 1
 {executed in 5 msec}
INFO  22-08-19 11:44:44[restartedMain] [HikariDataSource:82] - TemplateHikariPool - Start completed.
INFO  22-08-19 11:44:44[restartedMain] [WelcomePageHandlerMapping:57] - Adding welcome page template: index
INFO  22-08-19 11:44:44[restartedMain] [OptionalLiveReloadServer:58] - LiveReload server is running on port 35729
INFO  22-08-19 11:44:44[restartedMain] [Http11NioProtocol:173] - Starting ProtocolHandler ["http-nio-8085"]
INFO  22-08-19 11:44:44[restartedMain] [TomcatWebServer:220] - Tomcat started on port(s): 8085 (http) with context path ''
INFO  22-08-19 11:44:44[restartedMain] [BridgeApiApplication:61] - Started BridgeApiApplication in 2.376 seconds (JVM running for 3.58)
INFO  22-08-19 11:45:15[http-nio-8085-exec-1] [[/]:173] - Initializing Spring DispatcherServlet 'dispatcherServlet'
INFO  22-08-19 11:45:15[http-nio-8085-exec-1] [DispatcherServlet:525] - Initializing Servlet 'dispatcherServlet'
INFO  22-08-19 11:45:15[http-nio-8085-exec-1] [DispatcherServlet:547] - Completed initialization in 1 ms
INFO  22-08-19 11:45:29[RMI TCP Connection(4)-127.0.0.1] [SpringApplicationAdminMXBeanRegistrar$SpringApplicationAdmin:159] - Application shutdown requested.
INFO  22-08-19 11:45:29[RMI TCP Connection(5)-127.0.0.1] [SpringApplicationAdminMXBeanRegistrar$SpringApplicationAdmin:159] - Application shutdown requested.
INFO  22-08-19 11:45:29[RMI TCP Connection(6)-127.0.0.1] [SpringApplicationAdminMXBeanRegistrar$SpringApplicationAdmin:159] - Application shutdown requested.
INFO  22-08-19 11:45:29[RMI TCP Connection(7)-127.0.0.1] [SpringApplicationAdminMXBeanRegistrar$SpringApplicationAdmin:159] - Application shutdown requested.
INFO  22-08-19 11:45:29[RMI TCP Connection(4)-127.0.0.1] [HikariDataSource:350] - TemplateHikariPool - Shutdown initiated...
INFO  22-08-19 11:45:29[RMI TCP Connection(4)-127.0.0.1] [HikariDataSource:352] - TemplateHikariPool - Shutdown completed.
INFO  22-08-19 11:50:08[restartedMain] [RpcApiApplication:55] - Starting RpcApiApplication using Java 1.8.0_261 on DESKTOP-NK1MHU2 with PID 14608 (D:\PROEJCT_E\Pomeranian\pome-rpc\target\classes started by web3 in D:\PROEJCT_E\Pomeranian\pome-rpc)
INFO  22-08-19 11:50:08[restartedMain] [RpcApiApplication:640] - The following 1 profile is active: "local"
INFO  22-08-19 11:50:08[restartedMain] [ChangeableUrls:255] - The Class-Path manifest attribute in C:\Users\web3\.m2\repository\commons-logging\commons-logging\1.0.3\commons-logging-1.0.3.jar referenced one or more files that do not exist: file:/C:/Users/web3/.m2/repository/commons-logging/commons-logging/1.0.3/log4j.jar,file:/C:/Users/web3/.m2/repository/commons-logging/commons-logging/1.0.3/log4j-core.jar
INFO  22-08-19 11:50:08[restartedMain] [DevToolsPropertyDefaultsPostProcessor:255] - Devtools property defaults active! Set 'spring.devtools.add-properties' to 'false' to disable
INFO  22-08-19 11:50:08[restartedMain] [DevToolsPropertyDefaultsPostProcessor:255] - For additional web related logging consider setting the 'logging.level.web' property to 'DEBUG'
DEBUG 22-08-19 11:50:09[restartedMain] [LogFactory:105] - Logging initialized using 'class org.apache.ibatis.logging.slf4j.Slf4jImpl' adapter.
INFO  22-08-19 11:50:09[restartedMain] [TomcatWebServer:108] - Tomcat initialized with port(s): 8085 (http)
INFO  22-08-19 11:50:09[restartedMain] [Http11NioProtocol:173] - Initializing ProtocolHandler ["http-nio-8085"]
INFO  22-08-19 11:50:09[restartedMain] [StandardService:173] - Starting service [Tomcat]
INFO  22-08-19 11:50:09[restartedMain] [StandardEngine:173] - Starting Servlet engine: [Apache Tomcat/9.0.63]
INFO  22-08-19 11:50:10[restartedMain] [TldScanner:173] - At least one JAR was scanned for TLDs yet contained no TLDs. Enable debug logging for this logger for a complete list of JARs that were scanned but no TLDs were found in them. Skipping unneeded JARs during scanning can improve startup time and JSP compilation time.
INFO  22-08-19 11:50:10[restartedMain] [[/]:173] - Initializing Spring embedded WebApplicationContext
INFO  22-08-19 11:50:10[restartedMain] [ServletWebServerApplicationContext:292] - Root WebApplicationContext: initialization completed in 1610 ms
INFO  22-08-19 11:50:10[restartedMain] [HikariDataSource:80] - TemplateHikariPool - Starting...
DEBUG 22-08-19 11:50:10[restartedMain] [sqltiming:368] -  com.zaxxer.hikari.pool.PoolBase.executeSql(PoolBase.java:583)
1. SELECT 1
 {executed in 5 msec}
INFO  22-08-19 11:50:10[restartedMain] [HikariDataSource:82] - TemplateHikariPool - Start completed.
WARN  22-08-19 11:50:10[restartedMain] [AnnotationConfigServletWebServerApplicationContext:591] - Exception encountered during context initialization - cancelling refresh attempt: org.springframework.beans.factory.UnsatisfiedDependencyException: Error creating bean with name 'rpcController': Unsatisfied dependency expressed through field 'bridgeService'; nested exception is org.springframework.beans.factory.UnsatisfiedDependencyException: Error creating bean with name 'BridgeService': Unsatisfied dependency expressed through field 'bridgeMapper'; nested exception is org.springframework.beans.factory.UnsatisfiedDependencyException: Error creating bean with name 'rpcMapper' defined in file [D:\PROEJCT_E\Pomeranian\pome-rpc\target\classes\com\pomeranian\rpc\mapper\RpcMapper.class]: Unsatisfied dependency expressed through bean property 'sqlSessionFactory'; nested exception is org.springframework.beans.factory.BeanCreationException: Error creating bean with name 'sqlSessionFactory' defined in class path resource [com/pomeranian/config/DatabaseConfig.class]: Bean instantiation via factory method failed; nested exception is org.springframework.beans.BeanInstantiationException: Failed to instantiate [org.apache.ibatis.session.SqlSessionFactory]: Factory method 'sqlSessionFactory' threw exception; nested exception is org.springframework.core.NestedIOException: Failed to parse mapping resource: 'file [D:\PROEJCT_E\Pomeranian\pome-rpc\target\classes\mapper\RpcMapper.xml]'; nested exception is org.apache.ibatis.builder.BuilderException: Error parsing Mapper XML. The XML location is 'file [D:\PROEJCT_E\Pomeranian\pome-rpc\target\classes\mapper\RpcMapper.xml]'. Cause: org.apache.ibatis.builder.BuilderException: Error resolving class. Cause: org.apache.ibatis.type.TypeException: Could not resolve type alias 'TokenDTO'.  Cause: java.lang.ClassNotFoundException: Cannot find class: TokenDTO
INFO  22-08-19 11:50:10[restartedMain] [HikariDataSource:350] - TemplateHikariPool - Shutdown initiated...
INFO  22-08-19 11:50:10[restartedMain] [HikariDataSource:352] - TemplateHikariPool - Shutdown completed.
INFO  22-08-19 11:50:10[restartedMain] [StandardService:173] - Stopping service [Tomcat]
INFO  22-08-19 11:50:10[restartedMain] [ConditionEvaluationReportLoggingListener:136] - 

Error starting ApplicationContext. To display the conditions report re-run your application with 'debug' enabled.
ERROR 22-08-19 11:50:10[restartedMain] [SpringApplication:824] - Application run failed
org.springframework.beans.factory.UnsatisfiedDependencyException: Error creating bean with name 'rpcController': Unsatisfied dependency expressed through field 'bridgeService'; nested exception is org.springframework.beans.factory.UnsatisfiedDependencyException: Error creating bean with name 'BridgeService': Unsatisfied dependency expressed through field 'bridgeMapper'; nested exception is org.springframework.beans.factory.UnsatisfiedDependencyException: Error creating bean with name 'rpcMapper' defined in file [D:\PROEJCT_E\Pomeranian\pome-rpc\target\classes\com\pomeranian\rpc\mapper\RpcMapper.class]: Unsatisfied dependency expressed through bean property 'sqlSessionFactory'; nested exception is org.springframework.beans.factory.BeanCreationException: Error creating bean with name 'sqlSessionFactory' defined in class path resource [com/pomeranian/config/DatabaseConfig.class]: Bean instantiation via factory method failed; nested exception is org.springframework.beans.BeanInstantiationException: Failed to instantiate [org.apache.ibatis.session.SqlSessionFactory]: Factory method 'sqlSessionFactory' threw exception; nested exception is org.springframework.core.NestedIOException: Failed to parse mapping resource: 'file [D:\PROEJCT_E\Pomeranian\pome-rpc\target\classes\mapper\RpcMapper.xml]'; nested exception is org.apache.ibatis.builder.BuilderException: Error parsing Mapper XML. The XML location is 'file [D:\PROEJCT_E\Pomeranian\pome-rpc\target\classes\mapper\RpcMapper.xml]'. Cause: org.apache.ibatis.builder.BuilderException: Error resolving class. Cause: org.apache.ibatis.type.TypeException: Could not resolve type alias 'TokenDTO'.  Cause: java.lang.ClassNotFoundException: Cannot find class: TokenDTO
	at org.springframework.beans.factory.annotation.AutowiredAnnotationBeanPostProcessor$AutowiredFieldElement.resolveFieldValue(AutowiredAnnotationBeanPostProcessor.java:659)
	at org.springframework.beans.factory.annotation.AutowiredAnnotationBeanPostProcessor$AutowiredFieldElement.inject(AutowiredAnnotationBeanPostProcessor.java:639)
	at org.springframework.beans.factory.annotation.InjectionMetadata.inject(InjectionMetadata.java:119)
	at org.springframework.beans.factory.annotation.AutowiredAnnotationBeanPostProcessor.postProcessProperties(AutowiredAnnotationBeanPostProcessor.java:399)
	at org.springframework.beans.factory.support.AbstractAutowireCapableBeanFactory.populateBean(AbstractAutowireCapableBeanFactory.java:1431)
	at org.springframework.beans.factory.support.AbstractAutowireCapableBeanFactory.doCreateBean(AbstractAutowireCapableBeanFactory.java:619)
	at org.springframework.beans.factory.support.AbstractAutowireCapableBeanFactory.createBean(AbstractAutowireCapableBeanFactory.java:542)
	at org.springframework.beans.factory.support.AbstractBeanFactory.lambda$doGetBean$0(AbstractBeanFactory.java:335)
	at org.springframework.beans.factory.support.DefaultSingletonBeanRegistry.getSingleton(DefaultSingletonBeanRegistry.java:234)
	at org.springframework.beans.factory.support.AbstractBeanFactory.doGetBean(AbstractBeanFactory.java:333)
	at org.springframework.beans.factory.support.AbstractBeanFactory.getBean(AbstractBeanFactory.java:208)
	at org.springframework.beans.factory.support.DefaultListableBeanFactory.preInstantiateSingletons(DefaultListableBeanFactory.java:953)
	at org.springframework.context.support.AbstractApplicationContext.finishBeanFactoryInitialization(AbstractApplicationContext.java:918)
	at org.springframework.context.support.AbstractApplicationContext.refresh(AbstractApplicationContext.java:583)
	at org.springframework.boot.web.servlet.context.ServletWebServerApplicationContext.refresh(ServletWebServerApplicationContext.java:147)
	at org.springframework.boot.SpringApplication.refresh(SpringApplication.java:734)
	at org.springframework.boot.SpringApplication.refreshContext(SpringApplication.java:408)
	at org.springframework.boot.SpringApplication.run(SpringApplication.java:308)
	at org.springframework.boot.SpringApplication.run(SpringApplication.java:1306)
	at org.springframework.boot.SpringApplication.run(SpringApplication.java:1295)
	at com.pomeranian.RpcApiApplication.main(RpcApiApplication.java:14)
	at sun.reflect.NativeMethodAccessorImpl.invoke0(Native Method)
	at sun.reflect.NativeMethodAccessorImpl.invoke(NativeMethodAccessorImpl.java:62)
	at sun.reflect.DelegatingMethodAccessorImpl.invoke(DelegatingMethodAccessorImpl.java:43)
	at java.lang.reflect.Method.invoke(Method.java:498)
	at org.springframework.boot.devtools.restart.RestartLauncher.run(RestartLauncher.java:49)
Caused by: org.springframework.beans.factory.UnsatisfiedDependencyException: Error creating bean with name 'BridgeService': Unsatisfied dependency expressed through field 'bridgeMapper'; nested exception is org.springframework.beans.factory.UnsatisfiedDependencyException: Error creating bean with name 'rpcMapper' defined in file [D:\PROEJCT_E\Pomeranian\pome-rpc\target\classes\com\pomeranian\rpc\mapper\RpcMapper.class]: Unsatisfied dependency expressed through bean property 'sqlSessionFactory'; nested exception is org.springframework.beans.factory.BeanCreationException: Error creating bean with name 'sqlSessionFactory' defined in class path resource [com/pomeranian/config/DatabaseConfig.class]: Bean instantiation via factory method failed; nested exception is org.springframework.beans.BeanInstantiationException: Failed to instantiate [org.apache.ibatis.session.SqlSessionFactory]: Factory method 'sqlSessionFactory' threw exception; nested exception is org.springframework.core.NestedIOException: Failed to parse mapping resource: 'file [D:\PROEJCT_E\Pomeranian\pome-rpc\target\classes\mapper\RpcMapper.xml]'; nested exception is org.apache.ibatis.builder.BuilderException: Error parsing Mapper XML. The XML location is 'file [D:\PROEJCT_E\Pomeranian\pome-rpc\target\classes\mapper\RpcMapper.xml]'. Cause: org.apache.ibatis.builder.BuilderException: Error resolving class. Cause: org.apache.ibatis.type.TypeException: Could not resolve type alias 'TokenDTO'.  Cause: java.lang.ClassNotFoundException: Cannot find class: TokenDTO
	at org.springframework.beans.factory.annotation.AutowiredAnnotationBeanPostProcessor$AutowiredFieldElement.resolveFieldValue(AutowiredAnnotationBeanPostProcessor.java:659)
	at org.springframework.beans.factory.annotation.AutowiredAnnotationBeanPostProcessor$AutowiredFieldElement.inject(AutowiredAnnotationBeanPostProcessor.java:639)
	at org.springframework.beans.factory.annotation.InjectionMetadata.inject(InjectionMetadata.java:119)
	at org.springframework.beans.factory.annotation.AutowiredAnnotationBeanPostProcessor.postProcessProperties(AutowiredAnnotationBeanPostProcessor.java:399)
	at org.springframework.beans.factory.support.AbstractAutowireCapableBeanFactory.populateBean(AbstractAutowireCapableBeanFactory.java:1431)
	at org.springframework.beans.factory.support.AbstractAutowireCapableBeanFactory.doCreateBean(AbstractAutowireCapableBeanFactory.java:619)
	at org.springframework.beans.factory.support.AbstractAutowireCapableBeanFactory.createBean(AbstractAutowireCapableBeanFactory.java:542)
	at org.springframework.beans.factory.support.AbstractBeanFactory.lambda$doGetBean$0(AbstractBeanFactory.java:335)
	at org.springframework.beans.factory.support.DefaultSingletonBeanRegistry.getSingleton(DefaultSingletonBeanRegistry.java:234)
	at org.springframework.beans.factory.support.AbstractBeanFactory.doGetBean(AbstractBeanFactory.java:333)
	at org.springframework.beans.factory.support.AbstractBeanFactory.getBean(AbstractBeanFactory.java:208)
	at org.springframework.beans.factory.config.DependencyDescriptor.resolveCandidate(DependencyDescriptor.java:276)
	at org.springframework.beans.factory.support.DefaultListableBeanFactory.doResolveDependency(DefaultListableBeanFactory.java:1389)
	at org.springframework.beans.factory.support.DefaultListableBeanFactory.resolveDependency(DefaultListableBeanFactory.java:1309)
	at org.springframework.beans.factory.annotation.AutowiredAnnotationBeanPostProcessor$AutowiredFieldElement.resolveFieldValue(AutowiredAnnotationBeanPostProcessor.java:656)
	... 25 common frames omitted
Caused by: org.springframework.beans.factory.UnsatisfiedDependencyException: Error creating bean with name 'rpcMapper' defined in file [D:\PROEJCT_E\Pomeranian\pome-rpc\target\classes\com\pomeranian\rpc\mapper\RpcMapper.class]: Unsatisfied dependency expressed through bean property 'sqlSessionFactory'; nested exception is org.springframework.beans.factory.BeanCreationException: Error creating bean with name 'sqlSessionFactory' defined in class path resource [com/pomeranian/config/DatabaseConfig.class]: Bean instantiation via factory method failed; nested exception is org.springframework.beans.BeanInstantiationException: Failed to instantiate [org.apache.ibatis.session.SqlSessionFactory]: Factory method 'sqlSessionFactory' threw exception; nested exception is org.springframework.core.NestedIOException: Failed to parse mapping resource: 'file [D:\PROEJCT_E\Pomeranian\pome-rpc\target\classes\mapper\RpcMapper.xml]'; nested exception is org.apache.ibatis.builder.BuilderException: Error parsing Mapper XML. The XML location is 'file [D:\PROEJCT_E\Pomeranian\pome-rpc\target\classes\mapper\RpcMapper.xml]'. Cause: org.apache.ibatis.builder.BuilderException: Error resolving class. Cause: org.apache.ibatis.type.TypeException: Could not resolve type alias 'TokenDTO'.  Cause: java.lang.ClassNotFoundException: Cannot find class: TokenDTO
	at org.springframework.beans.factory.support.AbstractAutowireCapableBeanFactory.autowireByType(AbstractAutowireCapableBeanFactory.java:1534)
	at org.springframework.beans.factory.support.AbstractAutowireCapableBeanFactory.populateBean(AbstractAutowireCapableBeanFactory.java:1417)
	at org.springframework.beans.factory.support.AbstractAutowireCapableBeanFactory.doCreateBean(AbstractAutowireCapableBeanFactory.java:619)
	at org.springframework.beans.factory.support.AbstractAutowireCapableBeanFactory.createBean(AbstractAutowireCapableBeanFactory.java:542)
	at org.springframework.beans.factory.support.AbstractBeanFactory.lambda$doGetBean$0(AbstractBeanFactory.java:335)
	at org.springframework.beans.factory.support.DefaultSingletonBeanRegistry.getSingleton(DefaultSingletonBeanRegistry.java:234)
	at org.springframework.beans.factory.support.AbstractBeanFactory.doGetBean(AbstractBeanFactory.java:333)
	at org.springframework.beans.factory.support.AbstractBeanFactory.getBean(AbstractBeanFactory.java:208)
	at org.springframework.beans.factory.config.DependencyDescriptor.resolveCandidate(DependencyDescriptor.java:276)
	at org.springframework.beans.factory.support.DefaultListableBeanFactory.doResolveDependency(DefaultListableBeanFactory.java:1389)
	at org.springframework.beans.factory.support.DefaultListableBeanFactory.resolveDependency(DefaultListableBeanFactory.java:1309)
	at org.springframework.beans.factory.annotation.AutowiredAnnotationBeanPostProcessor$AutowiredFieldElement.resolveFieldValue(AutowiredAnnotationBeanPostProcessor.java:656)
	... 39 common frames omitted
Caused by: org.springframework.beans.factory.BeanCreationException: Error creating bean with name 'sqlSessionFactory' defined in class path resource [com/pomeranian/config/DatabaseConfig.class]: Bean instantiation via factory method failed; nested exception is org.springframework.beans.BeanInstantiationException: Failed to instantiate [org.apache.ibatis.session.SqlSessionFactory]: Factory method 'sqlSessionFactory' threw exception; nested exception is org.springframework.core.NestedIOException: Failed to parse mapping resource: 'file [D:\PROEJCT_E\Pomeranian\pome-rpc\target\classes\mapper\RpcMapper.xml]'; nested exception is org.apache.ibatis.builder.BuilderException: Error parsing Mapper XML. The XML location is 'file [D:\PROEJCT_E\Pomeranian\pome-rpc\target\classes\mapper\RpcMapper.xml]'. Cause: org.apache.ibatis.builder.BuilderException: Error resolving class. Cause: org.apache.ibatis.type.TypeException: Could not resolve type alias 'TokenDTO'.  Cause: java.lang.ClassNotFoundException: Cannot find class: TokenDTO
	at org.springframework.beans.factory.support.ConstructorResolver.instantiate(ConstructorResolver.java:658)
	at org.springframework.beans.factory.support.ConstructorResolver.instantiateUsingFactoryMethod(ConstructorResolver.java:638)
	at org.springframework.beans.factory.support.AbstractAutowireCapableBeanFactory.instantiateUsingFactoryMethod(AbstractAutowireCapableBeanFactory.java:1352)
	at org.springframework.beans.factory.support.AbstractAutowireCapableBeanFactory.createBeanInstance(AbstractAutowireCapableBeanFactory.java:1195)
	at org.springframework.beans.factory.support.AbstractAutowireCapableBeanFactory.doCreateBean(AbstractAutowireCapableBeanFactory.java:582)
	at org.springframework.beans.factory.support.AbstractAutowireCapableBeanFactory.createBean(AbstractAutowireCapableBeanFactory.java:542)
	at org.springframework.beans.factory.support.AbstractBeanFactory.lambda$doGetBean$0(AbstractBeanFactory.java:335)
	at org.springframework.beans.factory.support.DefaultSingletonBeanRegistry.getSingleton(DefaultSingletonBeanRegistry.java:234)
	at org.springframework.beans.factory.support.AbstractBeanFactory.doGetBean(AbstractBeanFactory.java:333)
	at org.springframework.beans.factory.support.AbstractBeanFactory.getBean(AbstractBeanFactory.java:208)
	at org.springframework.beans.factory.config.DependencyDescriptor.resolveCandidate(DependencyDescriptor.java:276)
	at org.springframework.beans.factory.support.DefaultListableBeanFactory.doResolveDependency(DefaultListableBeanFactory.java:1389)
	at org.springframework.beans.factory.support.DefaultListableBeanFactory.resolveDependency(DefaultListableBeanFactory.java:1309)
	at org.springframework.beans.factory.support.AbstractAutowireCapableBeanFactory.autowireByType(AbstractAutowireCapableBeanFactory.java:1519)
	... 50 common frames omitted
Caused by: org.springframework.beans.BeanInstantiationException: Failed to instantiate [org.apache.ibatis.session.SqlSessionFactory]: Factory method 'sqlSessionFactory' threw exception; nested exception is org.springframework.core.NestedIOException: Failed to parse mapping resource: 'file [D:\PROEJCT_E\Pomeranian\pome-rpc\target\classes\mapper\RpcMapper.xml]'; nested exception is org.apache.ibatis.builder.BuilderException: Error parsing Mapper XML. The XML location is 'file [D:\PROEJCT_E\Pomeranian\pome-rpc\target\classes\mapper\RpcMapper.xml]'. Cause: org.apache.ibatis.builder.BuilderException: Error resolving class. Cause: org.apache.ibatis.type.TypeException: Could not resolve type alias 'TokenDTO'.  Cause: java.lang.ClassNotFoundException: Cannot find class: TokenDTO
	at org.springframework.beans.factory.support.SimpleInstantiationStrategy.instantiate(SimpleInstantiationStrategy.java:185)
	at org.springframework.beans.factory.support.ConstructorResolver.instantiate(ConstructorResolver.java:653)
	... 63 common frames omitted
Caused by: org.springframework.core.NestedIOException: Failed to parse mapping resource: 'file [D:\PROEJCT_E\Pomeranian\pome-rpc\target\classes\mapper\RpcMapper.xml]'; nested exception is org.apache.ibatis.builder.BuilderException: Error parsing Mapper XML. The XML location is 'file [D:\PROEJCT_E\Pomeranian\pome-rpc\target\classes\mapper\RpcMapper.xml]'. Cause: org.apache.ibatis.builder.BuilderException: Error resolving class. Cause: org.apache.ibatis.type.TypeException: Could not resolve type alias 'TokenDTO'.  Cause: java.lang.ClassNotFoundException: Cannot find class: TokenDTO
	at org.mybatis.spring.SqlSessionFactoryBean.buildSqlSessionFactory(SqlSessionFactoryBean.java:595)
	at org.mybatis.spring.SqlSessionFactoryBean.afterPropertiesSet(SqlSessionFactoryBean.java:475)
	at org.mybatis.spring.SqlSessionFactoryBean.getObject(SqlSessionFactoryBean.java:615)
	at com.pomeranian.config.DatabaseConfig.sqlSessionFactory(DatabaseConfig.java:46)
	at com.pomeranian.config.DatabaseConfig$$EnhancerBySpringCGLIB$$4bc33fbd.CGLIB$sqlSessionFactory$1(<generated>)
	at com.pomeranian.config.DatabaseConfig$$EnhancerBySpringCGLIB$$4bc33fbd$$FastClassBySpringCGLIB$$730e0f36.invoke(<generated>)
	at org.springframework.cglib.proxy.MethodProxy.invokeSuper(MethodProxy.java:244)
	at org.springframework.context.annotation.ConfigurationClassEnhancer$BeanMethodInterceptor.intercept(ConfigurationClassEnhancer.java:331)
	at com.pomeranian.config.DatabaseConfig$$EnhancerBySpringCGLIB$$4bc33fbd.sqlSessionFactory(<generated>)
	at sun.reflect.NativeMethodAccessorImpl.invoke0(Native Method)
	at sun.reflect.NativeMethodAccessorImpl.invoke(NativeMethodAccessorImpl.java:62)
	at sun.reflect.DelegatingMethodAccessorImpl.invoke(DelegatingMethodAccessorImpl.java:43)
	at java.lang.reflect.Method.invoke(Method.java:498)
	at org.springframework.beans.factory.support.SimpleInstantiationStrategy.instantiate(SimpleInstantiationStrategy.java:154)
	... 64 common frames omitted
Caused by: org.apache.ibatis.builder.BuilderException: Error parsing Mapper XML. The XML location is 'file [D:\PROEJCT_E\Pomeranian\pome-rpc\target\classes\mapper\RpcMapper.xml]'. Cause: org.apache.ibatis.builder.BuilderException: Error resolving class. Cause: org.apache.ibatis.type.TypeException: Could not resolve type alias 'TokenDTO'.  Cause: java.lang.ClassNotFoundException: Cannot find class: TokenDTO
	at org.apache.ibatis.builder.xml.XMLMapperBuilder.configurationElement(XMLMapperBuilder.java:122)
	at org.apache.ibatis.builder.xml.XMLMapperBuilder.parse(XMLMapperBuilder.java:94)
	at org.mybatis.spring.SqlSessionFactoryBean.buildSqlSessionFactory(SqlSessionFactoryBean.java:593)
	... 77 common frames omitted
Caused by: org.apache.ibatis.builder.BuilderException: Error resolving class. Cause: org.apache.ibatis.type.TypeException: Could not resolve type alias 'TokenDTO'.  Cause: java.lang.ClassNotFoundException: Cannot find class: TokenDTO
	at org.apache.ibatis.builder.BaseBuilder.resolveClass(BaseBuilder.java:118)
	at org.apache.ibatis.builder.xml.XMLStatementBuilder.parseStatementNode(XMLStatementBuilder.java:102)
	at org.apache.ibatis.builder.xml.XMLMapperBuilder.buildStatementFromContext(XMLMapperBuilder.java:137)
	at org.apache.ibatis.builder.xml.XMLMapperBuilder.buildStatementFromContext(XMLMapperBuilder.java:130)
	at org.apache.ibatis.builder.xml.XMLMapperBuilder.configurationElement(XMLMapperBuilder.java:120)
	... 79 common frames omitted
Caused by: org.apache.ibatis.type.TypeException: Could not resolve type alias 'TokenDTO'.  Cause: java.lang.ClassNotFoundException: Cannot find class: TokenDTO
	at org.apache.ibatis.type.TypeAliasRegistry.resolveAlias(TypeAliasRegistry.java:120)
	at org.apache.ibatis.builder.BaseBuilder.resolveAlias(BaseBuilder.java:149)
	at org.apache.ibatis.builder.BaseBuilder.resolveClass(BaseBuilder.java:116)
	... 83 common frames omitted
Caused by: java.lang.ClassNotFoundException: Cannot find class: TokenDTO
	at org.apache.ibatis.io.ClassLoaderWrapper.classForName(ClassLoaderWrapper.java:200)
	at org.apache.ibatis.io.ClassLoaderWrapper.classForName(ClassLoaderWrapper.java:89)
	at org.apache.ibatis.io.Resources.classForName(Resources.java:261)
	at org.apache.ibatis.type.TypeAliasRegistry.resolveAlias(TypeAliasRegistry.java:116)
	... 85 common frames omitted
INFO  22-08-19 11:50:26[restartedMain] [RpcApiApplication:55] - Starting RpcApiApplication using Java 1.8.0_261 on DESKTOP-NK1MHU2 with PID 18852 (D:\PROEJCT_E\Pomeranian\pome-rpc\target\classes started by web3 in D:\PROEJCT_E\Pomeranian\pome-rpc)
INFO  22-08-19 11:50:26[restartedMain] [RpcApiApplication:640] - The following 1 profile is active: "local"
INFO  22-08-19 11:50:26[restartedMain] [ChangeableUrls:255] - The Class-Path manifest attribute in C:\Users\web3\.m2\repository\commons-logging\commons-logging\1.0.3\commons-logging-1.0.3.jar referenced one or more files that do not exist: file:/C:/Users/web3/.m2/repository/commons-logging/commons-logging/1.0.3/log4j.jar,file:/C:/Users/web3/.m2/repository/commons-logging/commons-logging/1.0.3/log4j-core.jar
INFO  22-08-19 11:50:26[restartedMain] [DevToolsPropertyDefaultsPostProcessor:255] - Devtools property defaults active! Set 'spring.devtools.add-properties' to 'false' to disable
INFO  22-08-19 11:50:26[restartedMain] [DevToolsPropertyDefaultsPostProcessor:255] - For additional web related logging consider setting the 'logging.level.web' property to 'DEBUG'
DEBUG 22-08-19 11:50:27[restartedMain] [LogFactory:105] - Logging initialized using 'class org.apache.ibatis.logging.slf4j.Slf4jImpl' adapter.
INFO  22-08-19 11:50:27[restartedMain] [TomcatWebServer:108] - Tomcat initialized with port(s): 8085 (http)
INFO  22-08-19 11:50:27[restartedMain] [Http11NioProtocol:173] - Initializing ProtocolHandler ["http-nio-8085"]
INFO  22-08-19 11:50:27[restartedMain] [StandardService:173] - Starting service [Tomcat]
INFO  22-08-19 11:50:27[restartedMain] [StandardEngine:173] - Starting Servlet engine: [Apache Tomcat/9.0.63]
INFO  22-08-19 11:50:28[restartedMain] [TldScanner:173] - At least one JAR was scanned for TLDs yet contained no TLDs. Enable debug logging for this logger for a complete list of JARs that were scanned but no TLDs were found in them. Skipping unneeded JARs during scanning can improve startup time and JSP compilation time.
INFO  22-08-19 11:50:28[restartedMain] [[/]:173] - Initializing Spring embedded WebApplicationContext
INFO  22-08-19 11:50:28[restartedMain] [ServletWebServerApplicationContext:292] - Root WebApplicationContext: initialization completed in 1231 ms
INFO  22-08-19 11:50:28[restartedMain] [HikariDataSource:80] - TemplateHikariPool - Starting...
DEBUG 22-08-19 11:50:28[restartedMain] [sqltiming:368] -  com.zaxxer.hikari.pool.PoolBase.executeSql(PoolBase.java:583)
1. SELECT 1
 {executed in 5 msec}
INFO  22-08-19 11:50:28[restartedMain] [HikariDataSource:82] - TemplateHikariPool - Start completed.
INFO  22-08-19 11:50:28[restartedMain] [WelcomePageHandlerMapping:57] - Adding welcome page template: index
INFO  22-08-19 11:50:28[restartedMain] [OptionalLiveReloadServer:58] - LiveReload server is running on port 35729
INFO  22-08-19 11:50:28[restartedMain] [Http11NioProtocol:173] - Starting ProtocolHandler ["http-nio-8085"]
INFO  22-08-19 11:50:28[restartedMain] [TomcatWebServer:220] - Tomcat started on port(s): 8085 (http) with context path ''
INFO  22-08-19 11:50:28[restartedMain] [RpcApiApplication:61] - Started RpcApiApplication in 2.389 seconds (JVM running for 3.631)
INFO  22-08-19 11:50:32[http-nio-8085-exec-1] [[/]:173] - Initializing Spring DispatcherServlet 'dispatcherServlet'
INFO  22-08-19 11:50:32[http-nio-8085-exec-1] [DispatcherServlet:525] - Initializing Servlet 'dispatcherServlet'
INFO  22-08-19 11:50:32[http-nio-8085-exec-1] [DispatcherServlet:547] - Completed initialization in 1 ms
INFO  22-08-19 11:54:55[Thread-7] [HikariDataSource:350] - TemplateHikariPool - Shutdown initiated...
INFO  22-08-19 11:54:55[Thread-7] [HikariDataSource:352] - TemplateHikariPool - Shutdown completed.
INFO  22-08-19 11:54:56[restartedMain] [RpcApiApplication:55] - Starting RpcApiApplication using Java 1.8.0_261 on DESKTOP-NK1MHU2 with PID 18852 (D:\PROEJCT_E\Pomeranian\pome-rpc\target\classes started by web3 in D:\PROEJCT_E\Pomeranian\pome-rpc)
INFO  22-08-19 11:54:56[restartedMain] [RpcApiApplication:640] - The following 1 profile is active: "local"
INFO  22-08-19 11:54:56[restartedMain] [TomcatWebServer:108] - Tomcat initialized with port(s): 8085 (http)
INFO  22-08-19 11:54:56[restartedMain] [Http11NioProtocol:173] - Initializing ProtocolHandler ["http-nio-8085"]
INFO  22-08-19 11:54:56[restartedMain] [StandardService:173] - Starting service [Tomcat]
INFO  22-08-19 11:54:56[restartedMain] [StandardEngine:173] - Starting Servlet engine: [Apache Tomcat/9.0.63]
INFO  22-08-19 11:54:56[restartedMain] [TldScanner:173] - At least one JAR was scanned for TLDs yet contained no TLDs. Enable debug logging for this logger for a complete list of JARs that were scanned but no TLDs were found in them. Skipping unneeded JARs during scanning can improve startup time and JSP compilation time.
INFO  22-08-19 11:54:56[restartedMain] [[/]:173] - Initializing Spring embedded WebApplicationContext
INFO  22-08-19 11:54:56[restartedMain] [ServletWebServerApplicationContext:292] - Root WebApplicationContext: initialization completed in 557 ms
INFO  22-08-19 11:54:56[restartedMain] [HikariDataSource:80] - TemplateHikariPool - Starting...
DEBUG 22-08-19 11:54:56[restartedMain] [sqltiming:368] -  com.zaxxer.hikari.pool.PoolBase.executeSql(PoolBase.java:583)
11. SELECT 1
 {executed in 0 msec}
INFO  22-08-19 11:54:56[restartedMain] [HikariDataSource:82] - TemplateHikariPool - Start completed.
INFO  22-08-19 11:54:56[restartedMain] [WelcomePageHandlerMapping:57] - Adding welcome page template: index
INFO  22-08-19 11:54:56[restartedMain] [OptionalLiveReloadServer:58] - LiveReload server is running on port 35729
INFO  22-08-19 11:54:56[restartedMain] [Http11NioProtocol:173] - Starting ProtocolHandler ["http-nio-8085"]
INFO  22-08-19 11:54:56[restartedMain] [TomcatWebServer:220] - Tomcat started on port(s): 8085 (http) with context path ''
INFO  22-08-19 11:54:56[restartedMain] [RpcApiApplication:61] - Started RpcApiApplication in 0.868 seconds (JVM running for 271.671)
INFO  22-08-19 11:54:56[restartedMain] [ConditionEvaluationDeltaLoggingListener:63] - Condition evaluation unchanged
INFO  22-08-19 11:55:15[RMI TCP Connection(8)-127.0.0.1] [SpringApplicationAdminMXBeanRegistrar$SpringApplicationAdmin:159] - Application shutdown requested.
INFO  22-08-19 11:55:15[RMI TCP Connection(9)-127.0.0.1] [SpringApplicationAdminMXBeanRegistrar$SpringApplicationAdmin:159] - Application shutdown requested.
INFO  22-08-19 11:55:16[RMI TCP Connection(10)-127.0.0.1] [SpringApplicationAdminMXBeanRegistrar$SpringApplicationAdmin:159] - Application shutdown requested.
INFO  22-08-19 11:55:16[RMI TCP Connection(11)-127.0.0.1] [SpringApplicationAdminMXBeanRegistrar$SpringApplicationAdmin:159] - Application shutdown requested.
INFO  22-08-19 11:55:16[RMI TCP Connection(8)-127.0.0.1] [HikariDataSource:350] - TemplateHikariPool - Shutdown initiated...
INFO  22-08-19 11:55:16[RMI TCP Connection(8)-127.0.0.1] [HikariDataSource:352] - TemplateHikariPool - Shutdown completed.
